TN:
SF:client/src/_site/components/Footer.js
FN:4,(anonymous_0)
FNF:1
FNH:1
FNDA:27,(anonymous_0)
DA:4,2
DA:5,27
LF:2
LH:2
BRF:0
BRH:0
end_of_record
TN:
SF:client/src/_site/components/Header.js
FN:10,(anonymous_0)
FN:14,(anonymous_1)
FN:63,(anonymous_2)
FNF:3
FNH:1
FNDA:27,(anonymous_0)
FNDA:0,(anonymous_1)
FNDA:0,(anonymous_2)
DA:10,2
DA:11,27
DA:12,27
DA:13,27
DA:14,27
DA:15,0
DA:20,0
DA:21,0
DA:23,27
DA:64,0
LF:10
LH:6
BRDA:76,0,0,27
BRDA:76,0,1,0
BRDA:105,1,0,0
BRDA:105,1,1,0
BRF:4
BRH:1
end_of_record
TN:
SF:client/src/_site/components/Layout.js
FN:8,(anonymous_0)
FNF:1
FNH:1
FNDA:27,(anonymous_0)
DA:8,2
DA:9,27
DA:28,2
LF:3
LH:3
BRF:0
BRH:0
end_of_record
TN:
SF:client/src/_site/components/Form/SearchInput.js
FN:5,(anonymous_0)
FN:9,(anonymous_1)
FN:30,(anonymous_2)
FNF:3
FNH:1
FNDA:27,(anonymous_0)
FNDA:0,(anonymous_1)
FNDA:0,(anonymous_2)
DA:5,2
DA:6,27
DA:7,27
DA:9,27
DA:10,0
DA:11,0
DA:12,0
DA:15,0
DA:16,0
DA:18,0
DA:21,27
DA:30,0
LF:12
LH:5
BRF:0
BRH:0
end_of_record
TN:
SF:client/src/_site/hooks/useCategory.js
FN:4,useCategory
FN:8,(anonymous_1)
FN:17,(anonymous_2)
FNF:3
FNH:3
FNDA:27,useCategory
FNDA:7,(anonymous_1)
FNDA:7,(anonymous_2)
DA:5,27
DA:8,27
DA:9,7
DA:10,7
DA:11,0
DA:13,7
DA:17,27
DA:18,7
DA:21,27
LF:9
LH:8
BRF:0
BRH:0
end_of_record
TN:
SF:client/src/_site/pages/Auth/Login.js
FN:9,(anonymous_0)
FN:20,(anonymous_1)
FN:62,(anonymous_2)
FN:73,(anonymous_3)
FN:84,(anonymous_4)
FNF:5
FNH:4
FNDA:11,(anonymous_0)
FNDA:2,(anonymous_1)
FNDA:3,(anonymous_2)
FNDA:3,(anonymous_3)
FNDA:0,(anonymous_4)
DA:9,1
DA:10,11
DA:11,11
DA:12,11
DA:15,11
DA:16,11
DA:20,11
DA:21,2
DA:22,2
DA:23,2
DA:27,1
DA:28,1
DA:36,1
DA:41,1
DA:42,1
DA:44,0
DA:47,1
DA:48,1
DA:51,11
DA:62,3
DA:73,3
DA:85,0
LF:22
LH:20
BRDA:27,0,0,1
BRDA:27,0,1,0
BRDA:27,1,0,1
BRDA:27,1,1,1
BRDA:28,2,0,1
BRDA:28,2,1,1
BRDA:42,3,0,1
BRDA:42,3,1,1
BRF:8
BRH:7
end_of_record
TN:
SF:client/src/_site/pages/Auth/Register.js
FN:7,(anonymous_0)
FN:18,(anonymous_1)
FN:51,(anonymous_2)
FN:63,(anonymous_3)
FN:74,(anonymous_4)
FN:85,(anonymous_5)
FN:96,(anonymous_6)
FN:107,(anonymous_7)
FN:118,(anonymous_8)
FNF:9
FNH:9
FNDA:16,(anonymous_0)
FNDA:2,(anonymous_1)
FNDA:2,(anonymous_2)
FNDA:2,(anonymous_3)
FNDA:2,(anonymous_4)
FNDA:2,(anonymous_5)
FNDA:2,(anonymous_6)
FNDA:2,(anonymous_7)
FNDA:2,(anonymous_8)
DA:7,1
DA:8,16
DA:9,16
DA:10,16
DA:11,16
DA:12,16
DA:13,16
DA:14,16
DA:15,16
DA:18,16
DA:19,2
DA:20,2
DA:21,2
DA:30,1
DA:31,1
DA:32,1
DA:34,0
DA:37,1
DA:38,1
DA:42,16
DA:51,2
DA:63,2
DA:74,2
DA:85,2
DA:96,2
DA:107,2
DA:118,2
LF:27
LH:26
BRDA:30,0,0,1
BRDA:30,0,1,0
BRDA:30,1,0,1
BRDA:30,1,1,1
BRF:4
BRH:3
end_of_record
TN:
SF:client/src/components/AdminMenu.js
FN:3,(anonymous_0)
FNF:1
FNH:1
FNDA:68,(anonymous_0)
DA:3,7
DA:4,68
LF:2
LH:2
BRF:0
BRH:0
end_of_record
TN:
SF:client/src/components/Footer.js
FN:4,(anonymous_0)
FNF:1
FNH:1
FNDA:269,(anonymous_0)
DA:4,19
DA:5,269
LF:2
LH:2
BRF:0
BRH:0
end_of_record
TN:
SF:client/src/components/Header.js
FN:10,(anonymous_0)
FN:14,(anonymous_1)
FN:68,(anonymous_2)
FNF:3
FNH:2
FNDA:273,(anonymous_0)
FNDA:0,(anonymous_1)
FNDA:75,(anonymous_2)
DA:10,18
DA:11,273
DA:12,273
DA:13,273
DA:14,267
DA:15,0
DA:20,0
DA:21,0
DA:23,267
DA:69,75
LF:10
LH:7
BRDA:81,0,0,207
BRDA:81,0,1,60
BRDA:110,1,0,0
BRDA:110,1,1,60
BRF:4
BRH:3
end_of_record
TN:
SF:client/src/components/Layout.js
FN:8,(anonymous_0)
FNF:1
FNH:1
FNDA:273,(anonymous_0)
DA:8,20
DA:9,273
DA:28,20
LF:3
LH:3
BRF:0
BRH:0
end_of_record
TN:
SF:client/src/components/Prices.js
FNF:0
FNH:0
DA:1,1
LF:1
LH:1
BRF:0
BRH:0
end_of_record
TN:
SF:client/src/components/UserMenu.js
FN:3,(anonymous_0)
FNF:1
FNH:1
FNDA:40,(anonymous_0)
DA:3,5
DA:4,40
LF:2
LH:2
BRF:0
BRH:0
end_of_record
TN:
SF:client/src/components/Form/CategoryForm.js
FN:3,(anonymous_0)
FN:13,(anonymous_1)
FNF:2
FNH:2
FNDA:16,(anonymous_0)
FNDA:3,(anonymous_1)
DA:3,2
DA:4,16
DA:13,3
LF:3
LH:3
BRF:0
BRH:0
end_of_record
TN:
SF:client/src/components/Form/SearchInput.js
FN:5,(anonymous_0)
FN:9,(anonymous_1)
FN:30,(anonymous_2)
FNF:3
FNH:3
FNDA:285,(anonymous_0)
FNDA:9,(anonymous_1)
FNDA:8,(anonymous_2)
DA:5,19
DA:6,285
DA:7,285
DA:9,285
DA:10,9
DA:11,9
DA:12,9
DA:15,8
DA:16,8
DA:18,1
DA:21,285
DA:30,8
LF:12
LH:12
BRF:0
BRH:0
end_of_record
TN:
SF:client/src/components/Routes/AdminRoute.js
FN:7,AdminRoute
FN:11,(anonymous_1)
FN:12,(anonymous_2)
FNF:3
FNH:3
FNDA:4,AdminRoute
FNDA:3,(anonymous_1)
FNDA:2,(anonymous_2)
DA:8,4
DA:9,4
DA:11,4
DA:12,3
DA:13,2
DA:14,2
DA:15,1
DA:17,1
DA:20,3
DA:23,4
LF:10
LH:10
BRDA:14,0,0,1
BRDA:14,0,1,1
BRDA:20,1,0,2
BRDA:20,1,1,1
BRDA:23,2,0,1
BRDA:23,2,1,3
BRF:6
BRH:6
end_of_record
TN:
SF:client/src/components/Routes/Private.js
FN:7,PrivateRoute
FN:11,(anonymous_1)
FN:12,(anonymous_2)
FNF:3
FNH:3
FNDA:4,PrivateRoute
FNDA:3,(anonymous_1)
FNDA:2,(anonymous_2)
DA:8,4
DA:9,4
DA:11,4
DA:12,3
DA:13,2
DA:14,2
DA:15,1
DA:17,1
DA:20,3
DA:23,4
LF:10
LH:10
BRDA:14,0,0,1
BRDA:14,0,1,1
BRDA:20,1,0,2
BRDA:20,1,1,1
BRDA:23,2,0,1
BRDA:23,2,1,3
BRF:6
BRH:6
end_of_record
TN:
SF:client/src/context/auth.js
FN:6,(anonymous_0)
FN:15,(anonymous_1)
FN:35,(anonymous_2)
FNF:3
FNH:3
FNDA:2,(anonymous_0)
FNDA:1,(anonymous_1)
FNDA:4,(anonymous_2)
DA:4,3
DA:6,3
DA:7,2
DA:13,2
DA:15,2
DA:16,1
DA:17,1
DA:18,1
DA:19,1
DA:27,2
DA:35,4
LF:11
LH:11
BRDA:17,0,0,1
BRDA:17,0,1,0
BRF:2
BRH:1
end_of_record
TN:
SF:client/src/context/cart.js
FN:4,(anonymous_0)
FN:7,(anonymous_1)
FN:20,(anonymous_2)
FNF:3
FNH:3
FNDA:1,(anonymous_0)
FNDA:1,(anonymous_1)
FNDA:2,(anonymous_2)
DA:3,1
DA:4,1
DA:5,1
DA:7,1
DA:8,1
DA:9,1
DA:12,1
DA:20,2
LF:8
LH:8
BRDA:9,0,0,0
BRDA:9,0,1,1
BRF:2
BRH:1
end_of_record
TN:
SF:client/src/context/search.js
FN:4,(anonymous_0)
FN:18,(anonymous_1)
FNF:2
FNH:2
FNDA:21,(anonymous_0)
FNDA:22,(anonymous_1)
DA:3,2
DA:4,2
DA:5,21
DA:10,21
DA:18,22
LF:5
LH:5
BRF:0
BRH:0
end_of_record
TN:
SF:client/src/hooks/useCategory.js
FN:4,useCategory
FN:8,(anonymous_1)
FN:17,(anonymous_2)
FNF:3
FNH:3
FNDA:245,useCategory
FNDA:91,(anonymous_1)
FNDA:91,(anonymous_2)
DA:5,245
DA:8,239
DA:9,91
DA:10,91
DA:11,55
DA:13,30
DA:17,239
DA:18,91
DA:21,239
LF:9
LH:9
BRF:0
BRH:0
end_of_record
TN:
SF:client/src/pages/About.js
FN:4,(anonymous_0)
FNF:1
FNH:1
FNDA:3,(anonymous_0)
DA:4,1
DA:5,3
LF:2
LH:2
BRF:0
BRH:0
end_of_record
TN:
SF:client/src/pages/CartPage.js
FN:12,(anonymous_0)
FN:21,(anonymous_1)
FN:24,(anonymous_2)
FN:36,(anonymous_3)
FN:39,(anonymous_4)
FN:49,(anonymous_5)
FN:57,(anonymous_6)
FN:62,(anonymous_7)
FN:102,(anonymous_8)
FN:121,(anonymous_9)
FN:141,(anonymous_10)
FN:152,(anonymous_11)
FN:159,(anonymous_12)
FN:182,(anonymous_13)
FNF:14
FNH:13
FNDA:35,(anonymous_0)
FNDA:34,(anonymous_1)
FNDA:84,(anonymous_2)
FNDA:1,(anonymous_3)
FNDA:1,(anonymous_4)
FNDA:21,(anonymous_5)
FNDA:21,(anonymous_6)
FNDA:3,(anonymous_7)
FNDA:84,(anonymous_8)
FNDA:1,(anonymous_9)
FNDA:1,(anonymous_10)
FNDA:0,(anonymous_11)
FNDA:1,(anonymous_12)
FNDA:11,(anonymous_13)
DA:12,1
DA:13,35
DA:14,35
DA:15,35
DA:16,34
DA:17,34
DA:18,34
DA:21,34
DA:22,34
DA:23,34
DA:24,34
DA:25,84
DA:27,34
DA:32,0
DA:36,34
DA:37,1
DA:38,1
DA:39,1
DA:40,1
DA:41,1
DA:42,1
DA:44,0
DA:49,34
DA:50,21
DA:51,21
DA:52,20
DA:54,1
DA:57,34
DA:58,21
DA:62,34
DA:63,3
DA:64,3
DA:65,3
DA:66,2
DA:70,2
DA:71,2
DA:72,2
DA:73,2
DA:74,2
DA:76,1
DA:77,1
DA:80,34
DA:103,84
DA:121,1
DA:141,1
DA:152,0
DA:160,1
DA:182,11
LF:48
LH:45
BRDA:86,0,0,3
BRDA:86,0,1,31
BRDA:88,1,0,31
BRDA:88,1,1,29
BRDA:90,2,0,29
BRDA:90,2,1,5
BRDA:92,3,0,26
BRDA:92,3,1,3
BRDA:134,4,0,21
BRDA:134,4,1,13
BRDA:149,5,0,11
BRDA:149,5,1,2
BRDA:171,6,0,21
BRDA:171,6,1,13
BRDA:171,7,0,34
BRDA:171,7,1,13
BRDA:171,7,2,13
BRDA:188,8,0,13
BRDA:188,8,1,10
BRDA:188,8,2,5
BRDA:190,9,0,3
BRDA:190,9,1,10
BRF:22
BRH:22
end_of_record
TN:
SF:client/src/pages/Categories.js
FN:5,(anonymous_0)
FN:11,(anonymous_1)
FNF:2
FNH:2
FNDA:3,(anonymous_0)
FNDA:4,(anonymous_1)
DA:5,1
DA:6,3
DA:7,3
DA:12,4
LF:4
LH:4
BRF:0
BRH:0
end_of_record
TN:
SF:client/src/pages/CategoryProduct.js
FN:6,(anonymous_0)
FN:12,(anonymous_1)
FN:15,(anonymous_2)
FN:35,(anonymous_3)
FN:58,(anonymous_4)
FNF:5
FNH:5
FNDA:8,(anonymous_0)
FNDA:5,(anonymous_1)
FNDA:5,(anonymous_2)
FNDA:4,(anonymous_3)
FNDA:2,(anonymous_4)
DA:6,1
DA:7,8
DA:8,8
DA:9,8
DA:10,8
DA:12,8
DA:13,5
DA:15,8
DA:16,5
DA:17,5
DA:20,4
DA:21,4
DA:23,1
DA:27,8
DA:36,4
DA:58,2
LF:16
LH:16
BRDA:13,0,0,5
BRDA:13,0,1,0
BRF:2
BRH:1
end_of_record
TN:
SF:client/src/pages/Contact.js
FN:4,(anonymous_0)
FNF:1
FNH:1
FNDA:1,(anonymous_0)
DA:4,1
DA:5,1
LF:2
LH:2
BRF:0
BRH:0
end_of_record
TN:
SF:client/src/pages/HomePage.js
FN:12,(anonymous_0)
FN:24,(anonymous_1)
FN:35,(anonymous_2)
FN:40,(anonymous_3)
FN:53,(anonymous_4)
FN:62,(anonymous_5)
FN:67,(anonymous_6)
FN:80,(anonymous_7)
FN:85,(anonymous_8)
FN:89,(anonymous_9)
FN:93,(anonymous_10)
FN:98,(anonymous_11)
FN:123,(anonymous_12)
FN:126,(anonymous_13)
FN:135,(anonymous_14)
FN:136,(anonymous_15)
FN:146,(anonymous_16)
FN:155,(anonymous_17)
FN:178,(anonymous_18)
FN:184,(anonymous_19)
FN:204,(anonymous_20)
FNF:21
FNH:18
FNDA:24,(anonymous_0)
FNDA:6,(anonymous_1)
FNDA:6,(anonymous_2)
FNDA:7,(anonymous_3)
FNDA:6,(anonymous_4)
FNDA:7,(anonymous_5)
FNDA:1,(anonymous_6)
FNDA:1,(anonymous_7)
FNDA:0,(anonymous_8)
FNDA:7,(anonymous_9)
FNDA:7,(anonymous_10)
FNDA:1,(anonymous_11)
FNDA:10,(anonymous_12)
FNDA:1,(anonymous_13)
FNDA:0,(anonymous_14)
FNDA:138,(anonymous_15)
FNDA:1,(anonymous_16)
FNDA:10,(anonymous_17)
FNDA:0,(anonymous_18)
FNDA:1,(anonymous_19)
FNDA:1,(anonymous_20)
DA:12,1
DA:13,24
DA:14,23
DA:15,23
DA:16,23
DA:17,23
DA:18,23
DA:19,23
DA:20,23
DA:21,23
DA:24,23
DA:25,6
DA:26,6
DA:27,4
DA:28,4
DA:31,1
DA:35,23
DA:36,6
DA:37,6
DA:40,23
DA:41,7
DA:42,7
DA:43,7
DA:44,3
DA:45,3
DA:47,3
DA:48,3
DA:53,23
DA:54,6
DA:55,6
DA:56,4
DA:58,1
DA:62,23
DA:63,7
DA:64,1
DA:67,23
DA:68,1
DA:69,1
DA:70,1
DA:71,1
DA:72,1
DA:74,0
DA:75,0
DA:80,23
DA:81,1
DA:82,1
DA:83,1
DA:85,0
DA:87,1
DA:89,23
DA:90,7
DA:93,23
DA:94,7
DA:98,23
DA:99,1
DA:100,1
DA:104,1
DA:106,0
DA:109,23
DA:124,10
DA:126,1
DA:135,0
DA:137,138
DA:146,1
DA:156,10
DA:178,0
DA:185,1
DA:186,1
DA:190,1
DA:205,1
DA:206,1
LF:71
LH:65
BRDA:27,0,0,4
BRDA:27,0,1,0
BRDA:63,1,0,6
BRDA:63,1,1,1
BRDA:82,2,0,1
BRDA:82,2,1,0
BRDA:90,3,0,7
BRDA:90,3,1,0
BRDA:90,4,0,7
BRDA:90,4,1,1
BRDA:94,5,0,1
BRDA:94,5,1,6
BRDA:94,6,0,7
BRDA:94,6,1,6
BRDA:201,7,0,23
BRDA:201,7,1,23
BRDA:201,7,2,6
BRDA:209,8,0,2
BRDA:209,8,1,4
BRF:19
BRH:16
end_of_record
TN:
SF:client/src/pages/Pagenotfound.js
FN:5,(anonymous_0)
FNF:1
FNH:1
FNDA:1,(anonymous_0)
DA:5,1
DA:6,1
LF:2
LH:2
BRF:0
BRH:0
end_of_record
TN:
SF:client/src/pages/ProductDetails.js
FN:7,(anonymous_0)
FN:14,(anonymous_1)
FN:18,(anonymous_2)
FN:30,(anonymous_3)
FN:75,(anonymous_4)
FN:98,(anonymous_5)
FNF:6
FNH:5
FNDA:11,(anonymous_0)
FNDA:6,(anonymous_1)
FNDA:6,(anonymous_2)
FNDA:6,(anonymous_3)
FNDA:1,(anonymous_4)
FNDA:0,(anonymous_5)
DA:7,1
DA:8,11
DA:9,11
DA:10,10
DA:11,10
DA:14,10
DA:15,6
DA:18,10
DA:19,6
DA:20,6
DA:23,6
DA:24,6
DA:26,0
DA:30,10
DA:31,6
DA:32,6
DA:35,5
DA:37,1
DA:40,10
DA:76,1
DA:98,0
LF:21
LH:19
BRDA:15,0,0,6
BRDA:15,0,1,0
BRDA:71,1,0,10
BRDA:71,1,1,9
BRF:4
BRH:3
end_of_record
TN:
SF:client/src/pages/Search.js
FN:4,(anonymous_0)
FN:17,(anonymous_1)
FNF:2
FNH:2
FNDA:9,(anonymous_0)
FNDA:5,(anonymous_1)
DA:4,1
DA:5,9
DA:6,9
DA:18,5
LF:4
LH:4
BRDA:12,0,0,1
BRDA:12,0,1,4
BRF:2
BRH:2
end_of_record
TN:
SF:client/src/pages/Auth/Login.js
FN:9,(anonymous_0)
FN:20,(anonymous_1)
FN:62,(anonymous_2)
FN:73,(anonymous_3)
FN:84,(anonymous_4)
FNF:5
FNH:4
FNDA:21,(anonymous_0)
FNDA:2,(anonymous_1)
FNDA:6,(anonymous_2)
FNDA:6,(anonymous_3)
FNDA:0,(anonymous_4)
DA:9,1
DA:10,21
DA:11,21
DA:12,21
DA:15,21
DA:16,21
DA:20,21
DA:21,2
DA:22,2
DA:23,2
DA:27,1
DA:28,1
DA:36,1
DA:41,1
DA:42,1
DA:44,0
DA:47,1
DA:48,1
DA:51,21
DA:62,6
DA:73,6
DA:85,0
LF:22
LH:20
BRDA:27,0,0,1
BRDA:27,0,1,0
BRDA:27,1,0,1
BRDA:27,1,1,1
BRDA:28,2,0,1
BRDA:28,2,1,1
BRDA:42,3,0,1
BRDA:42,3,1,1
BRF:8
BRH:7
end_of_record
TN:
SF:client/src/pages/Auth/Register.js
FN:7,(anonymous_0)
FN:18,(anonymous_1)
FN:51,(anonymous_2)
FN:63,(anonymous_3)
FN:74,(anonymous_4)
FN:85,(anonymous_5)
FN:96,(anonymous_6)
FN:107,(anonymous_7)
FN:118,(anonymous_8)
FNF:9
FNH:9
FNDA:75,(anonymous_0)
FNDA:5,(anonymous_1)
FNDA:10,(anonymous_2)
FNDA:10,(anonymous_3)
FNDA:10,(anonymous_4)
FNDA:10,(anonymous_5)
FNDA:10,(anonymous_6)
FNDA:5,(anonymous_7)
FNDA:10,(anonymous_8)
DA:7,1
DA:8,75
DA:9,75
DA:10,75
DA:11,75
DA:12,75
DA:13,75
DA:14,75
DA:15,75
DA:18,75
DA:19,5
DA:20,5
DA:21,5
DA:30,4
DA:31,4
DA:32,4
DA:34,0
DA:37,1
DA:38,1
DA:42,75
DA:51,10
DA:63,10
DA:74,10
DA:85,10
DA:96,10
DA:107,5
DA:118,10
LF:27
LH:26
BRDA:30,0,0,4
BRDA:30,0,1,0
BRDA:30,1,0,4
BRDA:30,1,1,4
BRF:4
BRH:3
end_of_record
TN:
SF:client/src/pages/admin/AdminDashboard.js
FN:5,(anonymous_0)
FNF:1
FNH:1
FNDA:5,(anonymous_0)
DA:5,1
DA:6,5
DA:7,5
LF:3
LH:3
BRF:0
BRH:0
end_of_record
TN:
SF:client/src/pages/admin/AdminOrders.js
FN:11,(anonymous_0)
FN:22,(anonymous_1)
FN:31,(anonymous_2)
FN:35,(anonymous_3)
FN:53,(anonymous_4)
FN:73,(anonymous_5)
FN:76,(anonymous_6)
FN:91,(anonymous_7)
FNF:8
FNH:8
FNDA:10,(anonymous_0)
FNDA:6,(anonymous_1)
FNDA:6,(anonymous_2)
FNDA:1,(anonymous_3)
FNDA:5,(anonymous_4)
FNDA:1,(anonymous_5)
FNDA:25,(anonymous_6)
FNDA:8,(anonymous_7)
DA:9,1
DA:11,1
DA:12,10
DA:19,9
DA:20,9
DA:21,9
DA:22,9
DA:23,6
DA:24,6
DA:25,6
DA:27,0
DA:31,9
DA:32,6
DA:35,9
DA:36,1
DA:37,1
DA:40,0
DA:42,1
DA:45,9
DA:54,5
DA:73,1
DA:77,25
DA:92,8
LF:23
LH:21
BRDA:32,0,0,6
BRDA:32,0,1,0
BRDA:85,1,0,3
BRDA:85,1,1,2
BRF:4
BRH:3
end_of_record
TN:
SF:client/src/pages/admin/CreateCategory.js
FN:8,(anonymous_0)
FN:15,(anonymous_1)
FN:34,(anonymous_2)
FN:46,(anonymous_3)
FN:51,(anonymous_4)
FN:72,(anonymous_5)
FN:113,(anonymous_6)
FN:120,(anonymous_7)
FN:130,(anonymous_8)
FN:144,(anonymous_9)
FNF:10
FNH:9
FNDA:11,(anonymous_0)
FNDA:1,(anonymous_1)
FNDA:7,(anonymous_2)
FNDA:4,(anonymous_3)
FNDA:1,(anonymous_4)
FNDA:1,(anonymous_5)
FNDA:5,(anonymous_6)
FNDA:1,(anonymous_7)
FNDA:1,(anonymous_8)
FNDA:0,(anonymous_9)
DA:8,1
DA:9,11
DA:10,10
DA:11,10
DA:12,10
DA:13,10
DA:15,10
DA:16,1
DA:17,1
DA:18,1
DA:21,1
DA:22,1
DA:23,1
DA:25,0
DA:28,0
DA:29,0
DA:34,10
DA:35,7
DA:36,7
DA:37,7
DA:38,7
DA:41,0
DA:42,0
DA:46,10
DA:47,4
DA:51,10
DA:52,1
DA:53,1
DA:54,1
DA:58,1
DA:59,1
DA:60,1
DA:61,1
DA:62,1
DA:63,1
DA:65,0
DA:68,0
DA:72,10
DA:73,1
DA:74,1
DA:77,1
DA:78,1
DA:80,1
DA:82,0
DA:85,0
DA:88,10
DA:114,5
DA:121,1
DA:122,1
DA:123,1
DA:131,1
DA:144,0
LF:52
LH:42
BRDA:21,0,0,1
BRDA:21,0,1,0
BRDA:37,1,0,7
BRDA:37,1,1,0
BRDA:58,2,0,1
BRDA:58,2,1,0
BRDA:77,3,0,1
BRDA:77,3,1,0
BRF:8
BRH:4
end_of_record
TN:
SF:client/src/pages/admin/CreateProduct.js
FN:10,(anonymous_0)
FN:22,(anonymous_1)
FN:34,(anonymous_2)
FN:39,(anonymous_3)
FN:81,(anonymous_4)
FN:85,(anonymous_5)
FN:98,(anonymous_6)
FN:121,(anonymous_7)
FN:130,(anonymous_8)
FN:140,(anonymous_9)
FN:149,(anonymous_10)
FN:159,(anonymous_11)
FNF:12
FNH:10
FNDA:15,(anonymous_0)
FNDA:4,(anonymous_1)
FNDA:4,(anonymous_2)
FNDA:2,(anonymous_3)
FNDA:0,(anonymous_4)
FNDA:0,(anonymous_5)
FNDA:1,(anonymous_6)
FNDA:2,(anonymous_7)
FNDA:2,(anonymous_8)
FNDA:2,(anonymous_9)
FNDA:2,(anonymous_10)
FNDA:1,(anonymous_11)
DA:8,2
DA:10,2
DA:11,15
DA:12,14
DA:13,14
DA:14,14
DA:15,14
DA:16,14
DA:17,14
DA:18,14
DA:19,14
DA:22,14
DA:23,4
DA:24,4
DA:25,0
DA:26,0
DA:29,4
DA:30,4
DA:34,14
DA:35,4
DA:39,14
DA:40,2
DA:41,2
DA:42,2
DA:43,2
DA:44,2
DA:45,2
DA:46,2
DA:47,2
DA:48,2
DA:49,2
DA:53,2
DA:54,0
DA:56,2
DA:57,2
DA:60,0
DA:61,0
DA:65,14
DA:82,0
DA:86,0
DA:98,1
DA:121,2
DA:130,2
DA:140,2
DA:149,2
DA:160,1
LF:46
LH:39
BRDA:25,0,0,0
BRDA:25,0,1,0
BRDA:53,1,0,0
BRDA:53,1,1,2
BRDA:93,2,0,2
BRDA:93,2,1,12
BRDA:104,3,0,14
BRDA:104,3,1,2
BRF:8
BRH:5
end_of_record
TN:
SF:client/src/pages/admin/Products.js
FN:7,(anonymous_0)
FN:11,(anonymous_1)
FN:22,(anonymous_2)
FN:34,(anonymous_3)
FNF:4
FNH:4
FNDA:8,(anonymous_0)
FNDA:5,(anonymous_1)
FNDA:5,(anonymous_2)
FNDA:4,(anonymous_3)
DA:7,1
DA:8,8
DA:11,7
DA:12,5
DA:13,5
DA:14,4
DA:16,1
DA:17,1
DA:22,7
DA:23,5
DA:25,7
DA:35,4
LF:12
LH:12
BRF:0
BRH:0
end_of_record
TN:
SF:client/src/pages/admin/UpdateProduct.js
FN:10,(anonymous_0)
FN:24,(anonymous_1)
FN:41,(anonymous_2)
FN:46,(anonymous_3)
FN:58,(anonymous_4)
FN:63,(anonymous_5)
FN:90,(anonymous_6)
FN:120,(anonymous_7)
FN:125,(anonymous_8)
FN:138,(anonymous_9)
FN:170,(anonymous_10)
FN:179,(anonymous_11)
FN:189,(anonymous_12)
FN:198,(anonymous_13)
FN:208,(anonymous_14)
FNF:15
FNH:12
FNDA:18,(anonymous_0)
FNDA:7,(anonymous_1)
FNDA:7,(anonymous_2)
FNDA:7,(anonymous_3)
FNDA:7,(anonymous_4)
FNDA:2,(anonymous_5)
FNDA:3,(anonymous_6)
FNDA:0,(anonymous_7)
FNDA:20,(anonymous_8)
FNDA:1,(anonymous_9)
FNDA:1,(anonymous_10)
FNDA:1,(anonymous_11)
FNDA:1,(anonymous_12)
FNDA:0,(anonymous_13)
FNDA:0,(anonymous_14)
DA:8,1
DA:10,1
DA:11,18
DA:12,17
DA:13,17
DA:14,17
DA:15,17
DA:16,17
DA:17,17
DA:18,17
DA:19,17
DA:20,17
DA:21,17
DA:24,17
DA:25,7
DA:26,7
DA:29,7
DA:30,7
DA:31,7
DA:32,7
DA:33,7
DA:34,7
DA:35,7
DA:36,7
DA:38,0
DA:41,17
DA:42,7
DA:46,17
DA:47,7
DA:48,7
DA:49,7
DA:50,7
DA:53,0
DA:54,0
DA:58,17
DA:59,7
DA:63,17
DA:64,2
DA:65,2
DA:66,2
DA:67,2
DA:68,2
DA:69,2
DA:70,2
DA:71,2
DA:72,2
DA:73,2
DA:77,0
DA:78,0
DA:80,0
DA:81,0
DA:84,2
DA:85,2
DA:90,17
DA:91,3
DA:92,3
DA:93,3
DA:94,2
DA:97,0
DA:98,0
DA:100,2
DA:101,2
DA:104,17
DA:121,0
DA:126,20
DA:138,1
DA:170,1
DA:179,1
DA:189,1
DA:198,0
DA:209,0
LF:71
LH:59
BRDA:49,0,0,7
BRDA:49,0,1,0
BRDA:71,1,0,2
BRDA:71,1,1,1
BRDA:77,2,0,0
BRDA:77,2,1,0
BRDA:93,3,0,1
BRDA:93,3,1,2
BRDA:133,4,0,1
BRDA:133,4,1,16
BRDA:144,5,0,1
BRDA:144,5,1,16
BRDA:211,6,0,10
BRDA:211,6,1,7
BRF:14
BRH:11
end_of_record
TN:
SF:client/src/pages/admin/Users.js
FN:5,(anonymous_0)
FNF:1
FNH:1
FNDA:2,(anonymous_0)
DA:5,1
DA:6,2
LF:2
LH:2
BRF:0
BRH:0
end_of_record
TN:
SF:client/src/pages/user/Dashboard.js
FN:5,(anonymous_0)
FNF:1
FNH:1
FNDA:4,(anonymous_0)
DA:5,2
DA:6,4
DA:7,4
LF:3
LH:3
BRF:0
BRH:0
end_of_record
TN:
SF:client/src/pages/user/Orders.js
FN:8,(anonymous_0)
FN:11,(anonymous_1)
FN:20,(anonymous_2)
FN:32,(anonymous_3)
FN:58,(anonymous_4)
FNF:5
FNH:5
FNDA:9,(anonymous_0)
FNDA:4,(anonymous_1)
FNDA:5,(anonymous_2)
FNDA:3,(anonymous_3)
FNDA:5,(anonymous_4)
DA:8,1
DA:9,9
DA:10,8
DA:11,8
DA:12,4
DA:13,4
DA:14,3
DA:16,1
DA:20,8
DA:21,5
DA:23,8
DA:33,3
DA:59,5
LF:13
LH:13
BRDA:21,0,0,4
BRDA:21,0,1,1
BRDA:52,1,0,2
BRDA:52,1,1,1
BRF:4
BRH:4
end_of_record
TN:
SF:client/src/pages/user/Profile.js
FN:7,(anonymous_0)
FN:18,(anonymous_1)
FN:27,(anonymous_2)
FN:67,(anonymous_3)
FN:78,(anonymous_4)
FN:89,(anonymous_5)
FN:99,(anonymous_6)
FN:109,(anonymous_7)
FNF:8
FNH:7
FNDA:24,(anonymous_0)
FNDA:6,(anonymous_1)
FNDA:4,(anonymous_2)
FNDA:4,(anonymous_3)
FNDA:0,(anonymous_4)
FNDA:4,(anonymous_5)
FNDA:3,(anonymous_6)
FNDA:1,(anonymous_7)
DA:7,1
DA:9,24
DA:11,24
DA:12,24
DA:13,24
DA:14,24
DA:15,24
DA:18,24
DA:19,6
DA:20,6
DA:21,6
DA:22,6
DA:23,6
DA:27,24
DA:28,4
DA:29,4
DA:30,4
DA:37,2
DA:38,0
DA:40,2
DA:41,2
DA:42,1
DA:43,1
DA:44,1
DA:45,1
DA:48,3
DA:49,3
DA:52,24
DA:67,4
DA:78,0
DA:89,4
DA:99,3
DA:109,1
LF:33
LH:31
BRDA:37,0,0,0
BRDA:37,0,1,2
BRF:2
BRH:1
end_of_record
TN:
SF:helpers/authHelper.js
FN:3,(anonymous_0)
FN:14,(anonymous_1)
FNF:2
FNH:1
FNDA:4,(anonymous_0)
FNDA:0,(anonymous_1)
DA:3,2
DA:4,4
DA:5,4
DA:6,4
DA:7,4
DA:10,0
DA:14,2
DA:15,0
LF:8
LH:6
BRF:0
BRH:0
end_of_record
TN:
SF:models/categoryModel.js
FNF:0
FNH:0
DA:3,1
LF:1
LH:1
BRF:0
BRH:0
end_of_record
TN:
SF:models/orderModel.js
FNF:0
FNH:0
DA:3,1
LF:1
LH:1
BRF:0
BRH:0
end_of_record
TN:
SF:models/productModel.js
FNF:0
FNH:0
DA:3,1
LF:1
LH:1
BRF:0
BRH:0
end_of_record
TN:
SF:models/userModel.js
FNF:0
FNH:0
DA:3,2
LF:1
LH:1
BRF:0
BRH:0
end_of_record
